Added Component: Designator=C3(LC-CASE-B_3528)
Added Component: Designator=C4(LC-0805_C)
Added Component: Designator=C5(LC-CASE-B_3528)
Added Component: Designator=C6(LC-0805_C)
Added Component: Designator=C7(LC-CASE-B_3528)
Added Component: Designator=C8(LC-0805_C)
Added Component: Designator=C9(LC-0805_C)
Added Component: Designator=C10(LC-CASE-B_3528)
Added Component: Designator=C11(LC-0805_C)
Added Component: Designator=C12(LC-0805_C)
Added Component: Designator=C13(LC-0805_C)
Added Component: Designator=C14(LC-0603_C)
Added Component: Designator=C15(LC-0603_C)
Added Component: Designator=C17(LC-0805_C)
Added Component: Designator=C18(LC-0805_C)
Added Component: Designator=C20(LC-0805_C)
Added Component: Designator=D2(LC-0603_LED_S1)
Added Component: Designator=D3(LC-0603_LED_S1)
Added Component: Designator=D4(LC-0603_LED_S1)
Added Component: Designator=D5(LC-0603_LED_S1)
Added Component: Designator=D6(LC-0805_LED_S1)
Added Component: Designator=D7(LC-SOD-323)
Added Component: Designator=D8(LC-SOD-323)
Added Component: Designator=D9(LC-SOD-323)
Added Component: Designator=D10(LC-SOD-323)
Added Component: Designator=D11(LC-SOD-323)
Added Component: Designator=D12(LC-SOD-323)
Added Component: Designator=D13(LC-SOD-323)
Added Component: Designator=D14(LC-SOD-323)
Added Component: Designator=J1(À¶¶Ë×Ó)
Added Component: Designator=J2(À¶¶Ë×Ó)
Added Component: Designator=J3(SIP2)
Added Component: Designator=J4(HDR1X2)
Added Component: Designator=J5(SIP4)
Added Component: Designator=J6(À¶¶Ë×Ó)
Added Component: Designator=J7(SIP4)
Added Component: Designator=J9(SIP2)
Added Component: Designator=J10(SIP2)
Added Component: Designator=J13(SIP2)
Added Component: Designator=J14(SIP4)
Added Component: Designator=Q1(LC-SOT-23(SOT-23-3))
Added Component: Designator=R2(LC-0603_R)
Added Component: Designator=R3(LC-0603_R)
Added Component: Designator=R4(LC-0603_R)
Added Component: Designator=R5(LC-0603_R)
Added Component: Designator=R6(LC-0805_R)
Added Component: Designator=R7(LC-0805_R)
Added Component: Designator=R8(LC-0805_R)
Added Component: Designator=R9(LC-0805_R)
Added Component: Designator=R10(LC-0805_R)
Added Component: Designator=R11(LC-0805_R)
Added Component: Designator=R12(LC-0805_R)
Added Component: Designator=R14(LC-0805_R)
Added Component: Designator=R15(LC-0805_R)
Added Component: Designator=R16(LC-0805_R)
Added Component: Designator=S1(4°´¼ü)
Added Component: Designator=U3(LC-SOIC-8_208mil)
Added Component: Designator=U4(LC-LQFP-64_10x10x05P)
Added Component: Designator=U5(LC-SOIC-8_150mil)
Added Component: Designator=VR2(LC-SOT-89(SOT-89-3))
Added Component: Designator=VR3(LC-SOT-89(SOT-89-3))
Added Component: Designator=VR4(LC-SOT-223)
Added Component: Designator=Y1(LC-SMD-5032_2P)
Added Pin To Net: NetName=3.3V Pin=C9-1
Added Pin To Net: NetName=3.3V Pin=C10-2
Added Pin To Net: NetName=3.3V Pin=D5-A
Added Pin To Net: NetName=3.3V Pin=R9-1
Added Pin To Net: NetName=3.3V Pin=R16-2
Added Pin To Net: NetName=3.3V Pin=U4-1
Added Pin To Net: NetName=3.3V Pin=U4-13
Added Pin To Net: NetName=3.3V Pin=U4-19
Added Pin To Net: NetName=3.3V Pin=U4-32
Added Pin To Net: NetName=3.3V Pin=U4-48
Added Pin To Net: NetName=3.3V Pin=U4-64
Added Pin To Net: NetName=3.3V Pin=VR4-2
Added Pin To Net: NetName=3.3V Pin=VR4-2
Added Net: Name=3.3V
Added Pin To Net: NetName=5V Pin=C7-1
Added Pin To Net: NetName=5V Pin=C8-2
Added Pin To Net: NetName=5V Pin=D4-A
Added Pin To Net: NetName=5V Pin=J5-4
Added Pin To Net: NetName=5V Pin=J14-4
Added Pin To Net: NetName=5V Pin=R14-2
Added Pin To Net: NetName=5V Pin=U5-3
Added Pin To Net: NetName=5V Pin=VR3-3
Added Pin To Net: NetName=5V Pin=VR4-3
Added Net: Name=5V
Added Pin To Net: NetName=9V Pin=C5-1
Added Pin To Net: NetName=9V Pin=C6-2
Added Pin To Net: NetName=9V Pin=D3-A
Added Pin To Net: NetName=9V Pin=J2-1
Added Pin To Net: NetName=9V Pin=VR2-3
Added Pin To Net: NetName=9V Pin=VR3-1
Added Net: Name=9V
Added Pin To Net: NetName=22V Pin=C18-2
Added Pin To Net: NetName=22V Pin=R15-2
Added Pin To Net: NetName=22V Pin=U3-8
Added Net: Name=22V
Added Pin To Net: NetName=24V Pin=C3-1
Added Pin To Net: NetName=24V Pin=C4-2
Added Pin To Net: NetName=24V Pin=D2-A
Added Pin To Net: NetName=24V Pin=D14-2
Added Pin To Net: NetName=24V Pin=J1-1
Added Pin To Net: NetName=24V Pin=VR2-1
Added Net: Name=24V
Added Pin To Net: NetName=BUS1 Pin=C14-1
Added Pin To Net: NetName=BUS1 Pin=D9-1
Added Pin To Net: NetName=BUS1 Pin=D10-2
Added Pin To Net: NetName=BUS1 Pin=D12-1
Added Pin To Net: NetName=BUS1 Pin=J4-2
Added Net: Name=BUS1
Added Pin To Net: NetName=BUS2 Pin=C15-2
Added Pin To Net: NetName=BUS2 Pin=D8-1
Added Pin To Net: NetName=BUS2 Pin=D11-2
Added Pin To Net: NetName=BUS2 Pin=D13-1
Added Pin To Net: NetName=BUS2 Pin=J4-1
Added Net: Name=BUS2
Added Pin To Net: NetName=GND Pin=C3-2
Added Pin To Net: NetName=GND Pin=C4-1
Added Pin To Net: NetName=GND Pin=C5-2
Added Pin To Net: NetName=GND Pin=C6-1
Added Pin To Net: NetName=GND Pin=C7-2
Added Pin To Net: NetName=GND Pin=C8-1
Added Pin To Net: NetName=GND Pin=C9-2
Added Pin To Net: NetName=GND Pin=C10-1
Added Pin To Net: NetName=GND Pin=C11-1
Added Pin To Net: NetName=GND Pin=C12-1
Added Pin To Net: NetName=GND Pin=C13-1
Added Pin To Net: NetName=GND Pin=C14-2
Added Pin To Net: NetName=GND Pin=C15-1
Added Pin To Net: NetName=GND Pin=C17-1
Added Pin To Net: NetName=GND Pin=C18-1
Added Pin To Net: NetName=GND Pin=D10-1
Added Pin To Net: NetName=GND Pin=D11-1
Added Pin To Net: NetName=GND Pin=J1-2
Added Pin To Net: NetName=GND Pin=J2-2
Added Pin To Net: NetName=GND Pin=J5-1
Added Pin To Net: NetName=GND Pin=J7-1
Added Pin To Net: NetName=GND Pin=J7-2
Added Pin To Net: NetName=GND Pin=J7-3
Added Pin To Net: NetName=GND Pin=J7-4
Added Pin To Net: NetName=GND Pin=J14-1
Added Pin To Net: NetName=GND Pin=R2-1
Added Pin To Net: NetName=GND Pin=R3-1
Added Pin To Net: NetName=GND Pin=R4-1
Added Pin To Net: NetName=GND Pin=R5-1
Added Pin To Net: NetName=GND Pin=R6-1
Added Pin To Net: NetName=GND Pin=R7-2
Added Pin To Net: NetName=GND Pin=R8-1
Added Pin To Net: NetName=GND Pin=R11-2
Added Pin To Net: NetName=GND Pin=S1-1
Added Pin To Net: NetName=GND Pin=U3-3
Added Pin To Net: NetName=GND Pin=U3-6
Added Pin To Net: NetName=GND Pin=U4-12
Added Pin To Net: NetName=GND Pin=U4-18
Added Pin To Net: NetName=GND Pin=U4-31
Added Pin To Net: NetName=GND Pin=U4-47
Added Pin To Net: NetName=GND Pin=U4-63
Added Pin To Net: NetName=GND Pin=U5-2
Added Pin To Net: NetName=GND Pin=U5-8
Added Pin To Net: NetName=GND Pin=VR2-2
Added Pin To Net: NetName=GND Pin=VR2-2
Added Pin To Net: NetName=GND Pin=VR3-2
Added Pin To Net: NetName=GND Pin=VR3-2
Added Pin To Net: NetName=GND Pin=VR4-1
Added Net: Name=GND
Added Pin To Net: NetName=NetC11_2 Pin=C11-2
Added Pin To Net: NetName=NetC11_2 Pin=R9-2
Added Pin To Net: NetName=NetC11_2 Pin=S1-2
Added Pin To Net: NetName=NetC11_2 Pin=U4-7
Added Net: Name=NetC11_2
Added Pin To Net: NetName=NetC12_2 Pin=C12-2
Added Pin To Net: NetName=NetC12_2 Pin=U4-5
Added Pin To Net: NetName=NetC12_2 Pin=Y1-2
Added Net: Name=NetC12_2
Added Pin To Net: NetName=NetC13_2 Pin=C13-2
Added Pin To Net: NetName=NetC13_2 Pin=U4-6
Added Pin To Net: NetName=NetC13_2 Pin=Y1-1
Added Net: Name=NetC13_2
Added Pin To Net: NetName=NetC16_1 Pin=D12-2
Added Pin To Net: NetName=NetC16_1 Pin=D13-2
Added Pin To Net: NetName=NetC16_1 Pin=D14-1
Added Net: Name=NetC16_1
Added Pin To Net: NetName=NetC17_2 Pin=C17-2
Added Pin To Net: NetName=NetC17_2 Pin=U3-5
Added Net: Name=NetC17_2
Added Pin To Net: NetName=NetC20_1 Pin=C20-1
Added Pin To Net: NetName=NetC20_1 Pin=J10-2
Added Net: Name=NetC20_1
Added Pin To Net: NetName=NetC20_2 Pin=C20-2
Added Pin To Net: NetName=NetC20_2 Pin=J10-1
Added Pin To Net: NetName=NetC20_2 Pin=R16-1
Added Pin To Net: NetName=NetC20_2 Pin=U4-37
Added Net: Name=NetC20_2
Added Pin To Net: NetName=NetD2_K Pin=D2-K
Added Pin To Net: NetName=NetD2_K Pin=R2-2
Added Net: Name=NetD2_K
Added Pin To Net: NetName=NetD3_K Pin=D3-K
Added Pin To Net: NetName=NetD3_K Pin=R3-2
Added Net: Name=NetD3_K
Added Pin To Net: NetName=NetD4_K Pin=D4-K
Added Pin To Net: NetName=NetD4_K Pin=R4-2
Added Net: Name=NetD4_K
Added Pin To Net: NetName=NetD5_K Pin=D5-K
Added Pin To Net: NetName=NetD5_K Pin=R5-2
Added Net: Name=NetD5_K
Added Pin To Net: NetName=NetD6_K Pin=D6-K
Added Pin To Net: NetName=NetD6_K Pin=R6-2
Added Net: Name=NetD6_K
Added Pin To Net: NetName=NetD7_1 Pin=D7-1
Added Pin To Net: NetName=NetD7_1 Pin=D8-2
Added Pin To Net: NetName=NetD7_1 Pin=D9-2
Added Pin To Net: NetName=NetD7_1 Pin=U3-2
Added Net: Name=NetD7_1
Added Pin To Net: NetName=NetD7_2 Pin=D7-2
Added Pin To Net: NetName=NetD7_2 Pin=R15-1
Added Net: Name=NetD7_2
Added Pin To Net: NetName=NetJ6_1 Pin=J6-1
Added Pin To Net: NetName=NetJ6_1 Pin=R12-2
Added Pin To Net: NetName=NetJ6_1 Pin=U5-6
Added Net: Name=NetJ6_1
Added Pin To Net: NetName=NetJ6_2 Pin=J6-2
Added Pin To Net: NetName=NetJ6_2 Pin=R12-1
Added Pin To Net: NetName=NetJ6_2 Pin=U5-7
Added Net: Name=NetJ6_2
Added Pin To Net: NetName=NetQ1_1 Pin=Q1-1
Added Pin To Net: NetName=NetQ1_1 Pin=R10-2
Added Net: Name=NetQ1_1
Added Pin To Net: NetName=NetQ1_2 Pin=Q1-2
Added Pin To Net: NetName=NetQ1_2 Pin=R11-1
Added Net: Name=NetQ1_2
Added Pin To Net: NetName=NetQ1_3 Pin=Q1-3
Added Net: Name=NetQ1_3
Added Pin To Net: NetName=NetR7_1 Pin=R7-1
Added Pin To Net: NetName=NetR7_1 Pin=U4-28
Added Net: Name=NetR7_1
Added Pin To Net: NetName=NetR8_2 Pin=R8-2
Added Pin To Net: NetName=NetR8_2 Pin=U4-60
Added Net: Name=NetR8_2
Added Pin To Net: NetName=PA2 Pin=J9-1
Added Pin To Net: NetName=PA2 Pin=U3-7
Added Pin To Net: NetName=PA2 Pin=U4-16
Added Net: Name=PA2
Added Pin To Net: NetName=PA3 Pin=J9-2
Added Pin To Net: NetName=PA3 Pin=U3-4
Added Pin To Net: NetName=PA3 Pin=U4-17
Added Net: Name=PA3
Added Pin To Net: NetName=PA6 Pin=J13-1
Added Pin To Net: NetName=PA6 Pin=J13-2
Added Pin To Net: NetName=PA6 Pin=U4-22
Added Net: Name=PA6
Added Pin To Net: NetName=PA9 Pin=J14-3
Added Pin To Net: NetName=PA9 Pin=U4-42
Added Net: Name=PA9
Added Pin To Net: NetName=PA10 Pin=J14-2
Added Pin To Net: NetName=PA10 Pin=U4-43
Added Net: Name=PA10
Added Pin To Net: NetName=PA11 Pin=U4-44
Added Pin To Net: NetName=PA11 Pin=U5-4
Added Net: Name=PA11
Added Pin To Net: NetName=PA12 Pin=U4-45
Added Pin To Net: NetName=PA12 Pin=U5-1
Added Net: Name=PA12
Added Pin To Net: NetName=PA13 Pin=J5-3
Added Pin To Net: NetName=PA13 Pin=U4-46
Added Net: Name=PA13
Added Pin To Net: NetName=PA14 Pin=J5-2
Added Pin To Net: NetName=PA14 Pin=U4-49
Added Net: Name=PA14
Added Pin To Net: NetName=PB0 Pin=R14-1
Added Pin To Net: NetName=PB0 Pin=U4-26
Added Net: Name=PB0
Added Pin To Net: NetName=PB8 Pin=D6-A
Added Pin To Net: NetName=PB8 Pin=U4-61
Added Net: Name=PB8
Added Pin To Net: NetName=PB9 Pin=R10-1
Added Pin To Net: NetName=PB9 Pin=U4-62
Added Net: Name=PB9
Added Pin To Net: NetName=PB10 Pin=U4-29
Added Net: Name=PB10
Added Pin To Net: NetName=PC0 Pin=J3-1
Added Pin To Net: NetName=PC0 Pin=J3-2
Added Pin To Net: NetName=PC0 Pin=U4-8
Added Net: Name=PC0
Added Class: Name=Ì½²âÆ÷
Added Room: Name=Ì½²âÆ÷
