Removed Pin From Net: NetName=NetR7_1 Pin=R7-1
Removed Pin From Net: NetName=GND Pin=R7-2
Removed Pin From Net: NetName=GND Pin=RESET-3
Removed Pin From Net: NetName=NetR7_1 Pin=U4-28
Removed Member From Class: ClassName=Ì½²âÆ÷ Member=C19
Removed Member From Class: ClassName=Ì½²âÆ÷ Member=C20
Removed Member From Class: ClassName=Ì½²âÆ÷ Member=R16
Change Component Footprint: Designator=BUS1 Old Footprint=À¶¶Ë×Ó New Footprint=HDR1X2
Change Component Designator: OldDesignator=3.3V NewDesignator=D13
Change Component Designator: OldDesignator=5V NewDesignator=D12
Change Component Designator: OldDesignator=9V NewDesignator=D11
Change Component Designator: OldDesignator=9V OUT NewDesignator=J10
Change Component Designator: OldDesignator=24V NewDesignator=D10
Change Component Designator: OldDesignator=24V IN NewDesignator=J8
Change Component Designator: OldDesignator=BUS1 NewDesignator=J4
Change Component Designator: OldDesignator=C3 NewDesignator=C11
Change Component Designator: OldDesignator=C4 NewDesignator=C14
Change Component Designator: OldDesignator=C5 NewDesignator=C12
Change Component Designator: OldDesignator=C6 NewDesignator=C15
Change Component Designator: OldDesignator=C7 NewDesignator=C13
Change Component Designator: OldDesignator=C8 NewDesignator=C16
Change Component Designator: OldDesignator=C9 NewDesignator=C17
Change Component Designator: OldDesignator=C10 NewDesignator=C18
Change Component Designator: OldDesignator=C11 NewDesignator=C9
Change Component Designator: OldDesignator=C12 NewDesignator=C2
Change Component Designator: OldDesignator=C13 NewDesignator=C7
Change Component Designator: OldDesignator=C14 NewDesignator=C1
Change Component Designator: OldDesignator=C15 NewDesignator=C3
Change Component Designator: OldDesignator=C16 NewDesignator=C8
Change Component Designator: OldDesignator=C17 NewDesignator=C6
Change Component Designator: OldDesignator=C18 NewDesignator=C5
Change Component Designator: OldDesignator=C19 NewDesignator=C4
Change Component Designator: OldDesignator=C20 NewDesignator=C10
Change Component Designator: OldDesignator=CAN NewDesignator=J7
Change Component Designator: OldDesignator=collect1 NewDesignator=J5
Change Component Designator: OldDesignator=COLLECT2 NewDesignator=J11
Change Component Designator: OldDesignator=D6 NewDesignator=D3
Change Component Designator: OldDesignator=D7 NewDesignator=D4
Change Component Designator: OldDesignator=D8 NewDesignator=D2
Change Component Designator: OldDesignator=D9 NewDesignator=D1
Change Component Designator: OldDesignator=D10 NewDesignator=D5
Change Component Designator: OldDesignator=D11 NewDesignator=D6
Change Component Designator: OldDesignator=D12 NewDesignator=D8
Change Component Designator: OldDesignator=D13 NewDesignator=D7
Change Component Designator: OldDesignator=D14 NewDesignator=D9
Change Component Designator: OldDesignator=GND NewDesignator=J9
Change Component Designator: OldDesignator=J5 NewDesignator=J1
Change Component Designator: OldDesignator=J10 NewDesignator=J6
Change Component Designator: OldDesignator=J14 NewDesignator=J3
Change Component Designator: OldDesignator=R2 NewDesignator=R8
Change Component Designator: OldDesignator=R3 NewDesignator=R9
Change Component Designator: OldDesignator=R4 NewDesignator=R10
Change Component Designator: OldDesignator=R5 NewDesignator=R11
Change Component Designator: OldDesignator=R6 NewDesignator=R4
Change Component Designator: OldDesignator=R7 NewDesignator=R1
Change Component Designator: OldDesignator=R8 NewDesignator=R5
Change Component Designator: OldDesignator=R9 NewDesignator=R7
Change Component Designator: OldDesignator=R10 NewDesignator=R14
Change Component Designator: OldDesignator=R11 NewDesignator=R15
Change Component Designator: OldDesignator=R14 NewDesignator=R13
Change Component Designator: OldDesignator=R15 NewDesignator=R3
Change Component Designator: OldDesignator=R16 NewDesignator=R6
Change Component Designator: OldDesignator=RESET NewDesignator=S2
Change Component Designator: OldDesignator=RX NewDesignator=J2
Change Component Designator: OldDesignator=U3 NewDesignator=U1
Change Component Designator: OldDesignator=U4 NewDesignator=U2
Change Component Designator: OldDesignator=U5 NewDesignator=U3
Change Component Designator: OldDesignator=VR2 NewDesignator=VR1
Change Component Designator: OldDesignator=VR3 NewDesignator=VR2
Change Component Designator: OldDesignator=VR4 NewDesignator=VR3
Change Component Designator: OldDesignator=w3 NewDesignator=w1
Change Component Designator: OldDesignator=w4 NewDesignator=w2
Added Pin To Net: NetName=GND Pin=R1-1
Added Pin To Net: NetName=NetC20_1 Pin=R1-2
Added Pin To Net: NetName=NetR7_1 Pin=R2-8
Added Pin To Net: NetName=NetR7_1 Pin=S1-1
Added Pin To Net: NetName=GND Pin=S2-1
Added Pin To Net: NetName=NetC20_1 Pin=U2-28
Added Pin To Net: NetName=NetR7_1 Pin=U2-56
Change Net Name : Old Net Name=NetC11_2 New Net Name=NetC9_2
Change Net Name : Old Net Name=NetC12_2 New Net Name=NetC2_2
Change Net Name : Old Net Name=NetC13_2 New Net Name=NetC7_2
Change Net Name : Old Net Name=NetC16_1 New Net Name=NetC8_1
Change Net Name : Old Net Name=NetC17_2 New Net Name=NetC6_2
Change Net Name : Old Net Name=NetC20_1 New Net Name=PB2
Change Net Name : Old Net Name=NetC20_2 New Net Name=NetC10_2
Change Net Name : Old Net Name=NetD2_K New Net Name=NetD10_K
Change Net Name : Old Net Name=NetD3_K New Net Name=NetD11_K
Change Net Name : Old Net Name=NetD4_K New Net Name=NetD12_K
Change Net Name : Old Net Name=NetD5_K New Net Name=NetD13_K
Change Net Name : Old Net Name=NetD6_K New Net Name=NetD3_K
Change Net Name : Old Net Name=NetD7_1 New Net Name=NetD1_2
Change Net Name : Old Net Name=NetD7_2 New Net Name=NetD4_2
Change Net Name : Old Net Name=NetJ6_1 New Net Name=NetJ7_1
Change Net Name : Old Net Name=NetJ6_2 New Net Name=NetJ7_2
Change Net Name : Old Net Name=NetR7_1 New Net Name=NetR2_8
Change Net Name : Old Net Name=NetR8_2 New Net Name=NetR5_2
Added Pin To Net: NetName=NetR2_5 Pin=R2-5
Added Pin To Net: NetName=NetR2_5 Pin=S1-4
Added Pin To Net: NetName=NetR2_5 Pin=U2-59
Added Net: Name=NetR2_5
Added Pin To Net: NetName=NetR2_6 Pin=R2-6
Added Pin To Net: NetName=NetR2_6 Pin=S1-3
Added Pin To Net: NetName=NetR2_6 Pin=U2-58
Added Net: Name=NetR2_6
Added Pin To Net: NetName=NetR2_7 Pin=R2-7
Added Pin To Net: NetName=NetR2_7 Pin=S1-2
Added Pin To Net: NetName=NetR2_7 Pin=U2-57
Added Net: Name=NetR2_7
Added Member To Class: ClassName=Ì½²âÆ÷ Member=Component C12 220uF (227) ¡À10% 50V
Added Member To Class: ClassName=Ì½²âÆ÷ Member=Component C14 100nF(104) 10% 50V
Added Member To Class: ClassName=Ì½²âÆ÷ Member=Component R9 1K¦¸ (1001) ¡À1%
Added Member To Class: ClassName=Ì½²âÆ÷ Member=Component R14 1K¦¸ (1001) ¡À1%
Added Room: Name=Ì½²âÆ÷
