Added Component: Designator=*1(QFN16L)
Added Component: Designator=1(BAT)
Added Component: Designator=BUS1(À¶¶Ë×Ó)
Added Component: Designator=C1(LC-0805_C)
Added Component: Designator=C2(LC-0805_C)
Added Component: Designator=C3(LC-0805_C)
Added Component: Designator=C4(LC-0805_C)
Added Component: Designator=C5(LC-0805_C)
Added Component: Designator=C6(LC-0805_C)
Added Component: Designator=C7(LC-0805_C)
Added Component: Designator=C8(RB.3/.6)
Added Component: Designator=C9(LC-CASE-B_3528)
Added Component: Designator=C10(LC-CASE-B_3528)
Added Component: Designator=C11(LC-CASE-B_3528)
Added Component: Designator=C12(LC-0805_C)
Added Component: Designator=C13(LC-0805_C)
Added Component: Designator=C14(LC-0805_C)
Added Component: Designator=C15(LC-0805_C)
Added Component: Designator=C16(LC-CASE-B_3528)
Added Component: Designator=C17(LC-1206_C)
Added Component: Designator=C18(LC-0805_C)
Added Component: Designator=C19(LC-0805_C)
Added Component: Designator=C20(LC-0603_C)
Added Component: Designator=C21(LC-0603_C)
Added Component: Designator=C22(LC-0805_C)
Added Component: Designator=C23(LC-0603_C)
Added Component: Designator=C24(LC-0805_C)
Added Component: Designator=C25(LC-0805_C)
Added Component: Designator=C26(LC-0603_C)
Added Component: Designator=C27(LC-0603_C)
Added Component: Designator=C28(LC-0603_C)
Added Component: Designator=C29(LC-0603_C)
Added Component: Designator=C30(LC-0603_C)
Added Component: Designator=C31(LC-0805_C)
Added Component: Designator=C32(LC-0805_C)
Added Component: Designator=D1(LC-0805_LED_S1)
Added Component: Designator=D2(LC-LL-34)
Added Component: Designator=D3(LC-0805_LED_S1)
Added Component: Designator=D4(LC-0805_LED_S1)
Added Component: Designator=D5(LC-0805_LED_S1)
Added Component: Designator=D6(LC-LL-34)
Added Component: Designator=D7(LC-0603_LED_S1)
Added Component: Designator=D8(LC-0603_LED_S1)
Added Component: Designator=D9(LC-0603_LED_S1)
Added Component: Designator=D10(LC-0603_LED_S1)
Added Component: Designator=D11(LC-SMC(DO-214AB)_S1)
Added Component: Designator=D12(LC-SMC(DO-214AB)_S1)
Added Component: Designator=D13(LC-LL-34)
Added Component: Designator=D14(LC-SMC(DO-214AB)_S1)
Added Component: Designator=J1(·À·´²å³Ë5)
Added Component: Designator=J2(·À·´²å³Ë5)
Added Component: Designator=J4(SIP2)
Added Component: Designator=J5(SIP4)
Added Component: Designator=J6(À¶¶Ë×Ó)
Added Component: Designator=J7(SIP4)
Added Component: Designator=J8(SIP7)
Added Component: Designator=J9(SIP7)
Added Component: Designator=J10(SIP4)
Added Component: Designator=J11(À¶¶Ë×Ó)
Added Component: Designator=J12(SIP2)
Added Component: Designator=L1(LC-0805_L)
Added Component: Designator=L2(LC-0805_L)
Added Component: Designator=P1(À¶¶Ë×Ó)
Added Component: Designator=P2(À¶¶Ë×Ó)
Added Component: Designator=POWER1(À¶¶Ë×Ó)
Added Component: Designator=Q1(LC-SOT-23(SOT-23-3))
Added Component: Designator=Q2(LC-SOT-23(SOT-23-3))
Added Component: Designator=Q3(LC-SOT-23(SOT-23-3))
Added Component: Designator=Q4(TO-220AB)
Added Component: Designator=Q5(TO-220AB)
Added Component: Designator=R1(LC-0805_R)
Added Component: Designator=R2(LC-0805_R)
Added Component: Designator=R3(LC-0805_R)
Added Component: Designator=R4(LC-0805_R)
Added Component: Designator=R5(LC-0805_R)
Added Component: Designator=R6(LC-0805_R)
Added Component: Designator=R7(LC-0805_R)
Added Component: Designator=R8(LC-0805_R)
Added Component: Designator=R9(LC-0805_R)
Added Component: Designator=R10(LC-0805_R)
Added Component: Designator=R11(LC-0805_R)
Added Component: Designator=R12(LC-0805_R)
Added Component: Designator=R13(LC-0805_R)
Added Component: Designator=R14(LC-0805_R)
Added Component: Designator=R15(LC-0603_R)
Added Component: Designator=R16(LC-0603_R)
Added Component: Designator=R17(LC-0603_R)
Added Component: Designator=R18(LC-0603_R)
Added Component: Designator=R23(LC-0805_R)
Added Component: Designator=R24(LC-0805_R)
Added Component: Designator=R25(LC-0805_R)
Added Component: Designator=R26(LC-0805_R)
Added Component: Designator=R27(LC-0805_R)
Added Component: Designator=R28(LC-1206_R)
Added Component: Designator=R29(LC-1206_R)
Added Component: Designator=R30(LC-0603_R)
Added Component: Designator=R31(LC-0603_R)
Added Component: Designator=R32(LC-0805_R)
Added Component: Designator=R33(LC-0805_R)
Added Component: Designator=R34(LC-0805_R)
Added Component: Designator=R35(LC-0805_R)
Added Component: Designator=R36(LC-0805_R)
Added Component: Designator=R37(LC-0603_R)
Added Component: Designator=R38(LC-0603_R)
Added Component: Designator=R39(LC-0603_R)
Added Component: Designator=R40(LC-0805_R)
Added Component: Designator=R41(LC-0603_R)
Added Component: Designator=R42(LC-0805_R)
Added Component: Designator=RP1(LC-0603_Rx4)
Added Component: Designator=RP2(LC-0603_Rx4)
Added Component: Designator=RP3(LC-0603_Rx4)
Added Component: Designator=S1(4°´¼ü)
Added Component: Designator=U1(LC-SOIC-16_150mil)
Added Component: Designator=U2(LC-SOIC-16_150mil)
Added Component: Designator=U3(LC-LQFP-64_10x10x05P)
Added Component: Designator=U4(LC-SOIC-8_150mil)
Added Component: Designator=U6(LC-SOIC-16_300mil)
Added Component: Designator=U7(LC-LQFP-48_7x7x05P)
Added Component: Designator=VR1(LC-SOT-89(SOT-89-3))
Added Component: Designator=VR2(LC-SOT-89(SOT-89-3))
Added Component: Designator=VR3(LC-SOT-223)
Added Component: Designator=w1(·äÃùÆ÷)
Added Component: Designator=Y1(LC-SMD-5032_2P)
Added Component: Designator=Y2(LC-SMD-3225_4P)
Added Pin To Net: NetName=3.3VA Pin=C29-2
Added Pin To Net: NetName=3.3VA Pin=C30-2
Added Pin To Net: NetName=3.3VA Pin=L2-2
Added Pin To Net: NetName=3.3VA Pin=R30-2
Added Pin To Net: NetName=3.3VA Pin=R31-2
Added Pin To Net: NetName=3.3VA Pin=R32-2
Added Pin To Net: NetName=3.3VA Pin=U7-4
Added Pin To Net: NetName=3.3VA Pin=U7-15
Added Pin To Net: NetName=3.3VA Pin=U7-17
Added Pin To Net: NetName=3.3VA Pin=U7-21
Added Net: Name=3.3VA
Added Pin To Net: NetName=3.3V Pin=C6-2
Added Pin To Net: NetName=3.3V Pin=C7-2
Added Pin To Net: NetName=3.3V Pin=C15-1
Added Pin To Net: NetName=3.3V Pin=C16-2
Added Pin To Net: NetName=3.3V Pin=C25-2
Added Pin To Net: NetName=3.3V Pin=D10-A
Added Pin To Net: NetName=3.3V Pin=J4-1
Added Pin To Net: NetName=3.3V Pin=L2-1
Added Pin To Net: NetName=3.3V Pin=R8-1
Added Pin To Net: NetName=3.3V Pin=R10-1
Added Pin To Net: NetName=3.3V Pin=R27-2
Added Pin To Net: NetName=3.3V Pin=R34-2
Added Pin To Net: NetName=3.3V Pin=R35-2
Added Pin To Net: NetName=3.3V Pin=RP1-1
Added Pin To Net: NetName=3.3V Pin=RP1-2
Added Pin To Net: NetName=3.3V Pin=RP1-3
Added Pin To Net: NetName=3.3V Pin=RP1-4
Added Pin To Net: NetName=3.3V Pin=RP2-6
Added Pin To Net: NetName=3.3V Pin=RP2-7
Added Pin To Net: NetName=3.3V Pin=RP2-8
Added Pin To Net: NetName=3.3V Pin=U3-1
Added Pin To Net: NetName=3.3V Pin=U3-13
Added Pin To Net: NetName=3.3V Pin=U3-19
Added Pin To Net: NetName=3.3V Pin=U3-32
Added Pin To Net: NetName=3.3V Pin=U3-48
Added Pin To Net: NetName=3.3V Pin=U3-64
Added Pin To Net: NetName=3.3V Pin=U6-2
Added Pin To Net: NetName=3.3V Pin=U7-28
Added Pin To Net: NetName=3.3V Pin=VR3-2
Added Pin To Net: NetName=3.3V Pin=VR3-2
Added Net: Name=3.3V
Added Pin To Net: NetName=5V Pin=*1-5
Added Pin To Net: NetName=5V Pin=*1-6
Added Pin To Net: NetName=5V Pin=C1-2
Added Pin To Net: NetName=5V Pin=C2-2
Added Pin To Net: NetName=5V Pin=C11-1
Added Pin To Net: NetName=5V Pin=C14-2
Added Pin To Net: NetName=5V Pin=C19-1
Added Pin To Net: NetName=5V Pin=D2-2
Added Pin To Net: NetName=5V Pin=D9-A
Added Pin To Net: NetName=5V Pin=J1-5
Added Pin To Net: NetName=5V Pin=J2-5
Added Pin To Net: NetName=5V Pin=J5-4
Added Pin To Net: NetName=5V Pin=J7-4
Added Pin To Net: NetName=5V Pin=J8-1
Added Pin To Net: NetName=5V Pin=J8-3
Added Pin To Net: NetName=5V Pin=J9-1
Added Pin To Net: NetName=5V Pin=J9-3
Added Pin To Net: NetName=5V Pin=U1-9
Added Pin To Net: NetName=5V Pin=U2-9
Added Pin To Net: NetName=5V Pin=U4-3
Added Pin To Net: NetName=5V Pin=VR2-3
Added Pin To Net: NetName=5V Pin=VR3-3
Added Pin To Net: NetName=5V Pin=w1-1
Added Net: Name=5V
Added Pin To Net: NetName=12V Pin=C10-1
Added Pin To Net: NetName=12V Pin=C13-2
Added Pin To Net: NetName=12V Pin=D8-A
Added Pin To Net: NetName=12V Pin=VR1-3
Added Pin To Net: NetName=12V Pin=VR2-1
Added Net: Name=12V
Added Pin To Net: NetName=24V Pin=*1-12
Added Pin To Net: NetName=24V Pin=C8-1
Added Pin To Net: NetName=24V Pin=C9-1
Added Pin To Net: NetName=24V Pin=C12-2
Added Pin To Net: NetName=24V Pin=C17-2
Added Pin To Net: NetName=24V Pin=D7-A
Added Pin To Net: NetName=24V Pin=D12-2
Added Pin To Net: NetName=24V Pin=J11-1
Added Pin To Net: NetName=24V Pin=POWER1-1
Added Pin To Net: NetName=24V Pin=VR1-1
Added Net: Name=24V
Added Pin To Net: NetName=32K Pin=RP1-7
Added Pin To Net: NetName=32K Pin=U6-1
Added Net: Name=32K
Added Pin To Net: NetName=ACTLED Pin=R41-1
Added Pin To Net: NetName=ACTLED Pin=U7-27
Added Net: Name=ACTLED
Added Pin To Net: NetName=BAT Pin=1-2
Added Pin To Net: NetName=BAT Pin=D6-2
Added Pin To Net: NetName=BAT Pin=U6-14
Added Net: Name=BAT
Added Pin To Net: NetName=BUS+ Pin=BUS1-2
Added Pin To Net: NetName=BUS+ Pin=D12-1
Added Pin To Net: NetName=BUS+ Pin=D13-2
Added Pin To Net: NetName=BUS+ Pin=D14-2
Added Pin To Net: NetName=BUS+ Pin=R25-2
Added Net: Name=BUS+
Added Pin To Net: NetName=BUS- Pin=*1-4
Added Pin To Net: NetName=BUS- Pin=1-1
Added Pin To Net: NetName=BUS- Pin=BUS1-1
Added Pin To Net: NetName=BUS- Pin=C1-1
Added Pin To Net: NetName=BUS- Pin=C2-1
Added Pin To Net: NetName=BUS- Pin=C3-1
Added Pin To Net: NetName=BUS- Pin=C4-1
Added Pin To Net: NetName=BUS- Pin=C5-1
Added Pin To Net: NetName=BUS- Pin=C6-1
Added Pin To Net: NetName=BUS- Pin=C7-1
Added Pin To Net: NetName=BUS- Pin=C8-2
Added Pin To Net: NetName=BUS- Pin=C18-2
Added Pin To Net: NetName=BUS- Pin=C19-2
Added Pin To Net: NetName=BUS- Pin=C21-1
Added Pin To Net: NetName=BUS- Pin=C22-2
Added Pin To Net: NetName=BUS- Pin=C24-2
Added Pin To Net: NetName=BUS- Pin=C25-1
Added Pin To Net: NetName=BUS- Pin=C26-1
Added Pin To Net: NetName=BUS- Pin=C27-1
Added Pin To Net: NetName=BUS- Pin=C28-1
Added Pin To Net: NetName=BUS- Pin=C31-2
Added Pin To Net: NetName=BUS- Pin=C32-2
Added Pin To Net: NetName=BUS- Pin=D14-1
Added Pin To Net: NetName=BUS- Pin=J5-1
Added Pin To Net: NetName=BUS- Pin=J7-1
Added Pin To Net: NetName=BUS- Pin=J8-2
Added Pin To Net: NetName=BUS- Pin=J8-7
Added Pin To Net: NetName=BUS- Pin=J9-2
Added Pin To Net: NetName=BUS- Pin=J10-1
Added Pin To Net: NetName=BUS- Pin=J10-2
Added Pin To Net: NetName=BUS- Pin=J10-3
Added Pin To Net: NetName=BUS- Pin=J10-4
Added Pin To Net: NetName=BUS- Pin=POWER1-2
Added Pin To Net: NetName=BUS- Pin=R2-2
Added Pin To Net: NetName=BUS- Pin=R4-2
Added Pin To Net: NetName=BUS- Pin=R6-2
Added Pin To Net: NetName=BUS- Pin=R7-1
Added Pin To Net: NetName=BUS- Pin=R9-1
Added Pin To Net: NetName=BUS- Pin=R12-1
Added Pin To Net: NetName=BUS- Pin=R13-1
Added Pin To Net: NetName=BUS- Pin=R14-2
Added Pin To Net: NetName=BUS- Pin=R15-1
Added Pin To Net: NetName=BUS- Pin=R16-1
Added Pin To Net: NetName=BUS- Pin=R17-1
Added Pin To Net: NetName=BUS- Pin=R18-1
Added Pin To Net: NetName=BUS- Pin=R26-2
Added Pin To Net: NetName=BUS- Pin=R28-1
Added Pin To Net: NetName=BUS- Pin=R29-1
Added Pin To Net: NetName=BUS- Pin=R40-1
Added Pin To Net: NetName=BUS- Pin=R42-2
Added Pin To Net: NetName=BUS- Pin=RP2-5
Added Pin To Net: NetName=BUS- Pin=RP3-1
Added Pin To Net: NetName=BUS- Pin=RP3-2
Added Pin To Net: NetName=BUS- Pin=RP3-3
Added Pin To Net: NetName=BUS- Pin=RP3-4
Added Pin To Net: NetName=BUS- Pin=S1-1
Added Pin To Net: NetName=BUS- Pin=U1-8
Added Pin To Net: NetName=BUS- Pin=U2-8
Added Pin To Net: NetName=BUS- Pin=U3-12
Added Pin To Net: NetName=BUS- Pin=U3-18
Added Pin To Net: NetName=BUS- Pin=U3-31
Added Pin To Net: NetName=BUS- Pin=U3-47
Added Pin To Net: NetName=BUS- Pin=U3-63
Added Pin To Net: NetName=BUS- Pin=U4-2
Added Pin To Net: NetName=BUS- Pin=U4-8
Added Pin To Net: NetName=BUS- Pin=U6-5
Added Pin To Net: NetName=BUS- Pin=U6-6
Added Pin To Net: NetName=BUS- Pin=U6-7
Added Pin To Net: NetName=BUS- Pin=U6-8
Added Pin To Net: NetName=BUS- Pin=U6-9
Added Pin To Net: NetName=BUS- Pin=U6-10
Added Pin To Net: NetName=BUS- Pin=U6-11
Added Pin To Net: NetName=BUS- Pin=U6-12
Added Pin To Net: NetName=BUS- Pin=U6-13
Added Pin To Net: NetName=BUS- Pin=U7-3
Added Pin To Net: NetName=BUS- Pin=U7-14
Added Pin To Net: NetName=BUS- Pin=U7-16
Added Pin To Net: NetName=BUS- Pin=U7-19
Added Pin To Net: NetName=BUS- Pin=U7-29
Added Pin To Net: NetName=BUS- Pin=U7-48
Added Net: Name=BUS-
Added Pin To Net: NetName=DUPLED Pin=U7-26
Added Net: Name=DUPLED
Added Pin To Net: NetName=INT Pin=U3-56
Added Net: Name=INT
Added Pin To Net: NetName=LINKLED Pin=R39-1
Added Pin To Net: NetName=LINKLED Pin=U7-25
Added Net: Name=LINKLED
Added Pin To Net: NetName=Net*1_3 Pin=*1-3
Added Pin To Net: NetName=Net*1_3 Pin=R33-1
Added Net: Name=Net*1_3
Added Pin To Net: NetName=Net*1_7 Pin=*1-7
Added Pin To Net: NetName=Net*1_7 Pin=R26-1
Added Net: Name=Net*1_7
Added Pin To Net: NetName=Net*1_8 Pin=*1-8
Added Pin To Net: NetName=Net*1_8 Pin=R25-1
Added Net: Name=Net*1_8
Added Pin To Net: NetName=Net*1_9 Pin=*1-9
Added Pin To Net: NetName=Net*1_9 Pin=C18-1
Added Pin To Net: NetName=Net*1_9 Pin=D13-1
Added Net: Name=Net*1_9
Added Pin To Net: NetName=Net*1_10 Pin=*1-10
Added Pin To Net: NetName=Net*1_10 Pin=C17-1
Added Net: Name=Net*1_10
Added Pin To Net: NetName=Net*1_11 Pin=*1-11
Added Pin To Net: NetName=Net*1_11 Pin=R24-1
Added Net: Name=Net*1_11
Added Pin To Net: NetName=Net*1_13 Pin=*1-13
Added Pin To Net: NetName=Net*1_13 Pin=R23-1
Added Net: Name=Net*1_13
Added Pin To Net: NetName=NetC3_2 Pin=C3-2
Added Pin To Net: NetName=NetC3_2 Pin=U3-5
Added Pin To Net: NetName=NetC3_2 Pin=Y1-2
Added Net: Name=NetC3_2
Added Pin To Net: NetName=NetC4_2 Pin=C4-2
Added Pin To Net: NetName=NetC4_2 Pin=U3-6
Added Pin To Net: NetName=NetC4_2 Pin=Y1-1
Added Net: Name=NetC4_2
Added Pin To Net: NetName=NetC5_2 Pin=C5-2
Added Pin To Net: NetName=NetC5_2 Pin=R8-2
Added Pin To Net: NetName=NetC5_2 Pin=S1-2
Added Pin To Net: NetName=NetC5_2 Pin=U3-7
Added Net: Name=NetC5_2
Added Pin To Net: NetName=NetC9_2 Pin=C9-2
Added Pin To Net: NetName=NetC9_2 Pin=C10-2
Added Pin To Net: NetName=NetC9_2 Pin=C11-2
Added Pin To Net: NetName=NetC9_2 Pin=C12-1
Added Pin To Net: NetName=NetC9_2 Pin=C13-1
Added Pin To Net: NetName=NetC9_2 Pin=C14-1
Added Pin To Net: NetName=NetC9_2 Pin=C15-2
Added Pin To Net: NetName=NetC9_2 Pin=C16-1
Added Pin To Net: NetName=NetC9_2 Pin=J11-2
Added Pin To Net: NetName=NetC9_2 Pin=VR1-2
Added Pin To Net: NetName=NetC9_2 Pin=VR1-2
Added Pin To Net: NetName=NetC9_2 Pin=VR2-2
Added Pin To Net: NetName=NetC9_2 Pin=VR2-2
Added Pin To Net: NetName=NetC9_2 Pin=VR3-1
Added Net: Name=NetC9_2
Added Pin To Net: NetName=NetC20_2 Pin=C20-2
Added Net: Name=NetC20_2
Added Pin To Net: NetName=NetC21_2 Pin=C21-2
Added Pin To Net: NetName=NetC21_2 Pin=R32-1
Added Net: Name=NetC21_2
Added Pin To Net: NetName=NetC22_1 Pin=C22-1
Added Pin To Net: NetName=NetC22_1 Pin=R36-2
Added Pin To Net: NetName=NetC22_1 Pin=U7-31
Added Pin To Net: NetName=NetC22_1 Pin=Y2-3
Added Net: Name=NetC22_1
Added Pin To Net: NetName=NetC23_2 Pin=C23-2
Added Net: Name=NetC23_2
Added Pin To Net: NetName=NetC24_1 Pin=C24-1
Added Pin To Net: NetName=NetC24_1 Pin=R36-1
Added Pin To Net: NetName=NetC24_1 Pin=U7-30
Added Pin To Net: NetName=NetC24_1 Pin=Y2-1
Added Net: Name=NetC24_1
Added Pin To Net: NetName=NetC26_2 Pin=C26-2
Added Pin To Net: NetName=NetC26_2 Pin=C27-2
Added Net: Name=NetC26_2
Added Pin To Net: NetName=NetC28_2 Pin=C28-2
Added Pin To Net: NetName=NetC28_2 Pin=R37-1
Added Pin To Net: NetName=NetC28_2 Pin=R38-1
Added Net: Name=NetC28_2
Added Pin To Net: NetName=NetC29_1 Pin=C29-1
Added Pin To Net: NetName=NetC29_1 Pin=C30-1
Added Net: Name=NetC29_1
Added Pin To Net: NetName=NetC31_1 Pin=C31-1
Added Pin To Net: NetName=NetC31_1 Pin=U7-22
Added Net: Name=NetC31_1
Added Pin To Net: NetName=NetC32_1 Pin=C32-1
Added Pin To Net: NetName=NetC32_1 Pin=U7-20
Added Net: Name=NetC32_1
Added Pin To Net: NetName=NetD1_A Pin=D1-A
Added Pin To Net: NetName=NetD1_A Pin=D5-A
Added Pin To Net: NetName=NetD1_A Pin=R9-2
Added Net: Name=NetD1_A
Added Pin To Net: NetName=NetD1_K Pin=D1-K
Added Pin To Net: NetName=NetD1_K Pin=P1-2
Added Net: Name=NetD1_K
Added Pin To Net: NetName=NetD2_1 Pin=D2-1
Added Pin To Net: NetName=NetD2_1 Pin=Q3-3
Added Net: Name=NetD2_1
Added Pin To Net: NetName=NetD3_K Pin=D3-K
Added Pin To Net: NetName=NetD3_K Pin=R12-2
Added Net: Name=NetD3_K
Added Pin To Net: NetName=NetD4_K Pin=D4-K
Added Pin To Net: NetName=NetD4_K Pin=R13-2
Added Net: Name=NetD4_K
Added Pin To Net: NetName=NetD5_K Pin=D5-K
Added Pin To Net: NetName=NetD5_K Pin=P2-1
Added Net: Name=NetD5_K
Added Pin To Net: NetName=NetD6_1 Pin=D6-1
Added Pin To Net: NetName=NetD6_1 Pin=R10-2
Added Net: Name=NetD6_1
Added Pin To Net: NetName=NetD7_K Pin=D7-K
Added Pin To Net: NetName=NetD7_K Pin=R15-2
Added Net: Name=NetD7_K
Added Pin To Net: NetName=NetD8_K Pin=D8-K
Added Pin To Net: NetName=NetD8_K Pin=R16-2
Added Net: Name=NetD8_K
Added Pin To Net: NetName=NetD9_K Pin=D9-K
Added Pin To Net: NetName=NetD9_K Pin=R17-2
Added Net: Name=NetD9_K
Added Pin To Net: NetName=NetD10_K Pin=D10-K
Added Pin To Net: NetName=NetD10_K Pin=R18-2
Added Net: Name=NetD10_K
Added Pin To Net: NetName=NetD11_1 Pin=D11-1
Added Pin To Net: NetName=NetD11_1 Pin=L1-1
Added Net: Name=NetD11_1
Added Pin To Net: NetName=NetD11_2 Pin=D11-2
Added Pin To Net: NetName=NetD11_2 Pin=L1-2
Added Pin To Net: NetName=NetD11_2 Pin=R23-2
Added Net: Name=NetD11_2
Added Pin To Net: NetName=NetJ1_1 Pin=J1-1
Added Pin To Net: NetName=NetJ1_1 Pin=U1-16
Added Net: Name=NetJ1_1
Added Pin To Net: NetName=NetJ1_2 Pin=J1-2
Added Pin To Net: NetName=NetJ1_2 Pin=U1-15
Added Net: Name=NetJ1_2
Added Pin To Net: NetName=NetJ1_3 Pin=J1-3
Added Pin To Net: NetName=NetJ1_3 Pin=U1-14
Added Net: Name=NetJ1_3
Added Pin To Net: NetName=NetJ1_4 Pin=J1-4
Added Pin To Net: NetName=NetJ1_4 Pin=U1-13
Added Net: Name=NetJ1_4
Added Pin To Net: NetName=NetJ2_1 Pin=J2-1
Added Pin To Net: NetName=NetJ2_1 Pin=U2-16
Added Net: Name=NetJ2_1
Added Pin To Net: NetName=NetJ2_2 Pin=J2-2
Added Pin To Net: NetName=NetJ2_2 Pin=U2-15
Added Net: Name=NetJ2_2
Added Pin To Net: NetName=NetJ2_3 Pin=J2-3
Added Pin To Net: NetName=NetJ2_3 Pin=U2-14
Added Net: Name=NetJ2_3
Added Pin To Net: NetName=NetJ2_4 Pin=J2-4
Added Pin To Net: NetName=NetJ2_4 Pin=U2-13
Added Net: Name=NetJ2_4
Added Pin To Net: NetName=NetJ4_2 Pin=J4-2
Added Pin To Net: NetName=NetJ4_2 Pin=Q1-3
Added Net: Name=NetJ4_2
Added Pin To Net: NetName=NetJ6_1 Pin=J6-1
Added Pin To Net: NetName=NetJ6_1 Pin=R1-2
Added Pin To Net: NetName=NetJ6_1 Pin=U4-6
Added Net: Name=NetJ6_1
Added Pin To Net: NetName=NetJ6_2 Pin=J6-2
Added Pin To Net: NetName=NetJ6_2 Pin=R1-1
Added Pin To Net: NetName=NetJ6_2 Pin=U4-7
Added Net: Name=NetJ6_2
Added Pin To Net: NetName=NetJ13_10 Pin=R39-2
Added Net: Name=NetJ13_10
Added Pin To Net: NetName=NetJ13_11 Pin=R41-2
Added Net: Name=NetJ13_11
Added Pin To Net: NetName=NetP2_2 Pin=P2-2
Added Net: Name=NetP2_2
Added Pin To Net: NetName=NetQ1_1 Pin=Q1-1
Added Pin To Net: NetName=NetQ1_1 Pin=R3-2
Added Net: Name=NetQ1_1
Added Pin To Net: NetName=NetQ1_2 Pin=Q1-2
Added Pin To Net: NetName=NetQ1_2 Pin=R4-1
Added Net: Name=NetQ1_2
Added Pin To Net: NetName=NetQ2_1 Pin=Q2-1
Added Pin To Net: NetName=NetQ2_1 Pin=R5-2
Added Net: Name=NetQ2_1
Added Pin To Net: NetName=NetQ2_2 Pin=Q2-2
Added Pin To Net: NetName=NetQ2_2 Pin=R6-1
Added Net: Name=NetQ2_2
Added Pin To Net: NetName=NetQ2_3 Pin=Q2-3
Added Pin To Net: NetName=NetQ2_3 Pin=w1-2
Added Net: Name=NetQ2_3
Added Pin To Net: NetName=NetQ3_1 Pin=Q3-1
Added Pin To Net: NetName=NetQ3_1 Pin=R11-2
Added Net: Name=NetQ3_1
Added Pin To Net: NetName=NetQ3_2 Pin=Q3-2
Added Pin To Net: NetName=NetQ3_2 Pin=R14-1
Added Net: Name=NetQ3_2
Added Pin To Net: NetName=NetQ4_G Pin=R24-2
Added Net: Name=NetQ4_G
Added Pin To Net: NetName=NetQ5_G Pin=R33-2
Added Net: Name=NetQ5_G
Added Pin To Net: NetName=NetQ5_S Pin=R28-2
Added Pin To Net: NetName=NetQ5_S Pin=R29-2
Added Net: Name=NetQ5_S
Added Pin To Net: NetName=NetR2_1 Pin=R2-1
Added Pin To Net: NetName=NetR2_1 Pin=U3-28
Added Net: Name=NetR2_1
Added Pin To Net: NetName=NetR7_2 Pin=R7-2
Added Pin To Net: NetName=NetR7_2 Pin=U3-60
Added Net: Name=NetR7_2
Added Pin To Net: NetName=NetR40_2 Pin=R40-2
Added Pin To Net: NetName=NetR40_2 Pin=U7-10
Added Net: Name=NetR40_2
Added Pin To Net: NetName=NetR42_1 Pin=R42-1
Added Pin To Net: NetName=NetR42_1 Pin=U7-23
Added Net: Name=NetR42_1
Added Pin To Net: NetName=NetRP2_4 Pin=RP2-4
Added Pin To Net: NetName=NetRP2_4 Pin=U7-42
Added Net: Name=NetRP2_4
Added Pin To Net: NetName=NetRP3_5 Pin=RP3-5
Added Pin To Net: NetName=NetRP3_5 Pin=U7-41
Added Net: Name=NetRP3_5
Added Pin To Net: NetName=NetRP3_6 Pin=RP3-6
Added Pin To Net: NetName=NetRP3_6 Pin=U7-40
Added Net: Name=NetRP3_6
Added Pin To Net: NetName=NetRP3_7 Pin=RP3-7
Added Pin To Net: NetName=NetRP3_7 Pin=U7-39
Added Net: Name=NetRP3_7
Added Pin To Net: NetName=NetRP3_8 Pin=RP3-8
Added Pin To Net: NetName=NetRP3_8 Pin=U7-38
Added Net: Name=NetRP3_8
Added Pin To Net: NetName=PA2 Pin=J7-3
Added Pin To Net: NetName=PA2 Pin=U3-16
Added Net: Name=PA2
Added Pin To Net: NetName=PA3 Pin=J7-2
Added Pin To Net: NetName=PA3 Pin=U3-17
Added Net: Name=PA3
Added Pin To Net: NetName=PA9 Pin=*1-16
Added Pin To Net: NetName=PA9 Pin=J12-2
Added Pin To Net: NetName=PA9 Pin=U3-42
Added Net: Name=PA9
Added Pin To Net: NetName=PA10 Pin=*1-2
Added Pin To Net: NetName=PA10 Pin=J12-1
Added Pin To Net: NetName=PA10 Pin=U3-43
Added Net: Name=PA10
Added Pin To Net: NetName=PA11 Pin=*1-15
Added Pin To Net: NetName=PA11 Pin=U3-44
Added Pin To Net: NetName=PA11 Pin=U4-4
Added Net: Name=PA11
Added Pin To Net: NetName=PA12 Pin=*1-1
Added Pin To Net: NetName=PA12 Pin=U3-45
Added Pin To Net: NetName=PA12 Pin=U4-1
Added Net: Name=PA12
Added Pin To Net: NetName=PA13 Pin=J5-3
Added Pin To Net: NetName=PA13 Pin=U3-46
Added Net: Name=PA13
Added Pin To Net: NetName=PA14 Pin=J5-2
Added Pin To Net: NetName=PA14 Pin=U3-49
Added Net: Name=PA14
Added Pin To Net: NetName=PB0 Pin=U3-26
Added Net: Name=PB0
Added Pin To Net: NetName=PB8 Pin=D3-A
Added Pin To Net: NetName=PB8 Pin=U3-61
Added Net: Name=PB8
Added Pin To Net: NetName=PB9 Pin=D4-A
Added Pin To Net: NetName=PB9 Pin=U3-62
Added Net: Name=PB9
Added Pin To Net: NetName=PB10 Pin=R3-1
Added Pin To Net: NetName=PB10 Pin=U3-29
Added Net: Name=PB10
Added Pin To Net: NetName=PB11 Pin=J8-4
Added Pin To Net: NetName=PB11 Pin=R5-1
Added Pin To Net: NetName=PB11 Pin=U3-30
Added Net: Name=PB11
Added Pin To Net: NetName=PB12 Pin=J8-5
Added Pin To Net: NetName=PB12 Pin=U3-33
Added Net: Name=PB12
Added Pin To Net: NetName=PB13 Pin=J8-6
Added Pin To Net: NetName=PB13 Pin=U3-34
Added Net: Name=PB13
Added Pin To Net: NetName=PB14 Pin=R11-1
Added Pin To Net: NetName=PB14 Pin=U3-35
Added Net: Name=PB14
Added Pin To Net: NetName=PC0 Pin=J9-4
Added Pin To Net: NetName=PC0 Pin=U3-8
Added Net: Name=PC0
Added Pin To Net: NetName=PC1 Pin=J9-5
Added Pin To Net: NetName=PC1 Pin=U3-9
Added Net: Name=PC1
Added Pin To Net: NetName=PC2 Pin=J9-6
Added Pin To Net: NetName=PC2 Pin=U3-10
Added Net: Name=PC2
Added Pin To Net: NetName=PC6 Pin=U1-1
Added Pin To Net: NetName=PC6 Pin=U3-37
Added Net: Name=PC6
Added Pin To Net: NetName=PC7 Pin=U1-2
Added Pin To Net: NetName=PC7 Pin=U3-38
Added Net: Name=PC7
Added Pin To Net: NetName=PC8 Pin=U1-3
Added Pin To Net: NetName=PC8 Pin=U3-39
Added Net: Name=PC8
Added Pin To Net: NetName=PC9 Pin=U1-4
Added Pin To Net: NetName=PC9 Pin=U3-40
Added Net: Name=PC9
Added Pin To Net: NetName=PC10 Pin=U2-1
Added Pin To Net: NetName=PC10 Pin=U3-51
Added Net: Name=PC10
Added Pin To Net: NetName=PC11 Pin=U2-2
Added Pin To Net: NetName=PC11 Pin=U3-52
Added Net: Name=PC11
Added Pin To Net: NetName=PC12 Pin=U2-3
Added Pin To Net: NetName=PC12 Pin=U3-53
Added Net: Name=PC12
Added Pin To Net: NetName=PC13 Pin=U2-4
Added Pin To Net: NetName=PC13 Pin=U3-2
Added Net: Name=PC13
Added Pin To Net: NetName=RXN Pin=C23-1
Added Pin To Net: NetName=RXN Pin=R37-2
Added Pin To Net: NetName=RXN Pin=U7-5
Added Net: Name=RXN
Added Pin To Net: NetName=RXP Pin=C20-1
Added Pin To Net: NetName=RXP Pin=R38-2
Added Pin To Net: NetName=RXP Pin=U7-6
Added Net: Name=RXP
Added Pin To Net: NetName=SCL Pin=RP1-6
Added Pin To Net: NetName=SCL Pin=U3-58
Added Pin To Net: NetName=SCL Pin=U6-16
Added Net: Name=SCL
Added Pin To Net: NetName=SDA Pin=RP1-5
Added Pin To Net: NetName=SDA Pin=U3-59
Added Pin To Net: NetName=SDA Pin=U6-15
Added Net: Name=SDA
Added Pin To Net: NetName=SPDLED Pin=U7-24
Added Net: Name=SPDLED
Added Pin To Net: NetName=SQW Pin=RP1-8
Added Pin To Net: NetName=SQW Pin=U6-3
Added Net: Name=SQW
Added Pin To Net: NetName=TXN Pin=U7-1
Added Net: Name=TXN
Added Pin To Net: NetName=TXP Pin=R30-1
Added Pin To Net: NetName=TXP Pin=U7-2
Added Net: Name=TXP
Added Pin To Net: NetName=TXV Pin=R31-1
Added Net: Name=TXV
Added Pin To Net: NetName=W INTN Pin=R34-1
Added Pin To Net: NetName=W INTN Pin=U3-25
Added Pin To Net: NetName=W INTN Pin=U7-36
Added Net: Name=W INTN
Added Pin To Net: NetName=W MISO Pin=U3-22
Added Pin To Net: NetName=W MISO Pin=U7-34
Added Net: Name=W MISO
Added Pin To Net: NetName=W MOSI Pin=U3-23
Added Pin To Net: NetName=W MOSI Pin=U7-35
Added Net: Name=W MOSI
Added Pin To Net: NetName=W PMODE0 Pin=RP2-1
Added Pin To Net: NetName=W PMODE0 Pin=U7-45
Added Net: Name=W PMODE0
Added Pin To Net: NetName=W PMODE1 Pin=RP2-2
Added Pin To Net: NetName=W PMODE1 Pin=U7-44
Added Net: Name=W PMODE1
Added Pin To Net: NetName=W  PMODE2 Pin=RP2-3
Added Pin To Net: NetName=W  PMODE2 Pin=U7-43
Added Net: Name=W  PMODE2
Added Pin To Net: NetName=W RST Pin=R27-1
Added Pin To Net: NetName=W RST Pin=U3-24
Added Pin To Net: NetName=W RST Pin=U7-37
Added Net: Name=W RST
Added Pin To Net: NetName=W SCLK Pin=U3-21
Added Pin To Net: NetName=W SCLK Pin=U7-33
Added Net: Name=W SCLK
Added Pin To Net: NetName=W SCSN Pin=R35-1
Added Pin To Net: NetName=W SCSN Pin=U3-20
Added Pin To Net: NetName=W SCSN Pin=U7-32
Added Net: Name=W SCSN
Added Class: Name=¿ØÖÆÆ÷
Added Room: Name=¿ØÖÆÆ÷
