Added Pin To Net: NetName=BUS- Pin=C22-2
Added Pin To Net: NetName=BUS- Pin=C24-2
Added Pin To Net: NetName=PA9 Pin=U6-2
Added Pin To Net: NetName=NetR30_1 Pin=U6-3
Added Pin To Net: NetName=PA10 Pin=U6-16
Change Net Name : Old Net Name=BUS+ New Net Name=NetBUS1_2
Change Net Name : Old Net Name=BUS- New Net Name=GND
Added Pin To Net: NetName=Net*1_4 Pin=*1-4
Added Pin To Net: NetName=Net*1_4 Pin=P1-1
Added Net: Name=Net*1_4
Added Pin To Net: NetName=PA1 Pin=U3-15
Added Pin To Net: NetName=PA1 Pin=U6-1
Added Net: Name=PA1
Added Pin To Net: NetName=PA8 Pin=U3-41
Added Pin To Net: NetName=PA8 Pin=U6-15
Added Net: Name=PA8
Added Member To Class: ClassName=¿ØÖÆÆ÷ Member=Component C1 100nF(104) 10% 50V
Added Member To Class: ClassName=¿ØÖÆÆ÷ Member=Component C2 100nF(104) 10% 50V
Added Member To Class: ClassName=¿ØÖÆÆ÷ Member=Component C3 22pF (220) 5% 50V
Added Member To Class: ClassName=¿ØÖÆÆ÷ Member=Component C4 22pF (220) 5% 50V
Added Member To Class: ClassName=¿ØÖÆÆ÷ Member=Component D1 À¶µÆ 0805
Added Member To Class: ClassName=¿ØÖÆÆ÷ Member=Component J1 stepmotor1 out
Added Member To Class: ClassName=¿ØÖÆÆ÷ Member=Component J2 stepmotor2 out
Added Member To Class: ClassName=¿ØÖÆÆ÷ Member=Component J3 fan
Added Member To Class: ClassName=¿ØÖÆÆ÷ Member=Component J4 water pump
Added Member To Class: ClassName=¿ØÖÆÆ÷ Member=Component J5 STLINK
Added Member To Class: ClassName=¿ØÖÆÆ÷ Member=Component J6 CAN
Added Member To Class: ClassName=¿ØÖÆÆ÷ Member=Component J7 SCREEN
Added Member To Class: ClassName=¿ØÖÆÆ÷ Member=Component J8 GND
Added Member To Class: ClassName=¿ØÖÆÆ÷ Member=Component J9 CON6
Added Member To Class: ClassName=¿ØÖÆÆ÷ Member=Component P1 followSOURCE
Added Member To Class: ClassName=¿ØÖÆÆ÷ Member=Component Q1 SS8050 Y1
Added Member To Class: ClassName=¿ØÖÆÆ÷ Member=Component Q2 SS8050 Y1
Added Member To Class: ClassName=¿ØÖÆÆ÷ Member=Component R1 120¦¸ (1200) ¡À1%
Added Member To Class: ClassName=¿ØÖÆÆ÷ Member=Component R2 10K¦¸ (1002) ¡À1%
Added Member To Class: ClassName=¿ØÖÆÆ÷ Member=Component R3 1K¦¸ (1001) ¡À1%
Added Member To Class: ClassName=¿ØÖÆÆ÷ Member=Component R4 10K¦¸ (1002) ¡À1%
Added Member To Class: ClassName=¿ØÖÆÆ÷ Member=Component R5 1K¦¸ (1001) ¡À1%
Added Member To Class: ClassName=¿ØÖÆÆ÷ Member=Component R6 10K¦¸ (1002) ¡À1%
Added Member To Class: ClassName=¿ØÖÆÆ÷ Member=Component RP1 1K¦¸ (102) ¡À5%
Added Member To Class: ClassName=¿ØÖÆÆ÷ Member=Component S1 SW-DIP4
Added Member To Class: ClassName=¿ØÖÆÆ÷ Member=Component U1 ULN2003AFWG
Added Member To Class: ClassName=¿ØÖÆÆ÷ Member=Component U2 ULN2003AFWG
Added Member To Class: ClassName=¿ØÖÆÆ÷ Member=Component U3 STM32 R8T6
Added Member To Class: ClassName=¿ØÖÆÆ÷ Member=Component U4 CAN/TJA1050T/CM
Added Member To Class: ClassName=¿ØÖÆÆ÷ Member=Component w1 ·äÃùÆ÷
Added Member To Class: ClassName=¿ØÖÆÆ÷ Member=Component Y1 8MHz ¡À20ppm 20pF
Added Room: Name=¿ØÖÆÆ÷
